d:\amity\testing\2nd\pvp_blockchain\pvp_blockchain\debug\vc143.pdb
d:\amity\testing\2nd\pvp_blockchain\pvp_blockchain\debug\vc143.idb
d:\amity\testing\2nd\pvp_blockchain\pvp_blockchain\debug\pvp_blockchain.obj
d:\amity\testing\2nd\pvp_blockchain\pvp_blockchain\debug\game.obj
d:\amity\testing\2nd\pvp_blockchain\pvp_blockchain\debug\fighter.obj
d:\amity\testing\2nd\pvp_blockchain\pvp_blockchain\debug\battlelog.obj
d:\amity\testing\2nd\pvp_blockchain\pvp_blockchain\debug\arena.obj
d:\amity\testing\2nd\pvp_blockchain\pvp_blockchain\debug\animation.obj
d:\amity\testing\2nd\pvp_blockchain\pvp_blockchain\debug\state.obj
d:\amity\testing\2nd\pvp_blockchain\pvp_blockchain\debug\mainmenustate.obj
d:\amity\testing\2nd\pvp_blockchain\pvp_blockchain\debug\gameplaystate.obj
d:\amity\testing\2nd\pvp_blockchain\pvp_blockchain\debug\pvp_blockchain.ilk
d:\amity\testing\2nd\pvp_blockchain\debug\pvp_blockchain.pdb
d:\amity\testing\2nd\pvp_blockchain\pvp_blockchain\debug\pvp_blockchain.tlog\cl.command.1.tlog
d:\amity\testing\2nd\pvp_blockchain\pvp_blockchain\debug\pvp_blockchain.tlog\cl.items.tlog
d:\amity\testing\2nd\pvp_blockchain\pvp_blockchain\debug\pvp_blockchain.tlog\cl.read.1.tlog
d:\amity\testing\2nd\pvp_blockchain\pvp_blockchain\debug\pvp_blockchain.tlog\cl.write.1.tlog
d:\amity\testing\2nd\pvp_blockchain\pvp_blockchain\debug\pvp_blockchain.tlog\link-cvtres.read.1.tlog
d:\amity\testing\2nd\pvp_blockchain\pvp_blockchain\debug\pvp_blockchain.tlog\link-cvtres.write.1.tlog
d:\amity\testing\2nd\pvp_blockchain\pvp_blockchain\debug\pvp_blockchain.tlog\link-rc.read.1.tlog
d:\amity\testing\2nd\pvp_blockchain\pvp_blockchain\debug\pvp_blockchain.tlog\link-rc.write.1.tlog
d:\amity\testing\2nd\pvp_blockchain\pvp_blockchain\debug\pvp_blockchain.tlog\link.13864-cvtres.read.1.tlog
d:\amity\testing\2nd\pvp_blockchain\pvp_blockchain\debug\pvp_blockchain.tlog\link.13864-cvtres.write.1.tlog
d:\amity\testing\2nd\pvp_blockchain\pvp_blockchain\debug\pvp_blockchain.tlog\link.13864-rc.read.1.tlog
d:\amity\testing\2nd\pvp_blockchain\pvp_blockchain\debug\pvp_blockchain.tlog\link.13864-rc.write.1.tlog
d:\amity\testing\2nd\pvp_blockchain\pvp_blockchain\debug\pvp_blockchain.tlog\link.13864.read.1.tlog
d:\amity\testing\2nd\pvp_blockchain\pvp_blockchain\debug\pvp_blockchain.tlog\link.13864.write.1.tlog
d:\amity\testing\2nd\pvp_blockchain\pvp_blockchain\debug\pvp_blockchain.tlog\link.command.1.tlog
d:\amity\testing\2nd\pvp_blockchain\pvp_blockchain\debug\pvp_blockchain.tlog\link.read.1.tlog
d:\amity\testing\2nd\pvp_blockchain\pvp_blockchain\debug\pvp_blockchain.tlog\link.secondary.1.tlog
d:\amity\testing\2nd\pvp_blockchain\pvp_blockchain\debug\pvp_blockchain.tlog\link.write.1.tlog
